\BOOKMARK [0][-]{chapter*.2}{\376\377\000P\000r\000e\000f\000a\000c\000e}{}% 1
\BOOKMARK [1][-]{section*.9}{\376\377\000A\000c\000k\000n\000o\000w\000l\000e\000d\000g\000e\000m\000e\000n\000t\000s}{chapter*.2}% 2
\BOOKMARK [1][-]{section*.10}{\376\377\000C\000o\000n\000t\000r\000i\000b\000u\000t\000o\000r\000s}{chapter*.2}% 3
\BOOKMARK [1][-]{section*.11}{\376\377\000R\000e\000v\000i\000e\000w\000e\000r\000s}{chapter*.2}% 4
\BOOKMARK [1][-]{section*.12}{\376\377\000F\000o\000r\000\040\000o\000u\000r\000\040\000R\000e\000a\000d\000e\000r\000s}{chapter*.2}% 5
\BOOKMARK [0][-]{chapter.1}{\376\377\000I\000n\000t\000r\000o\000d\000u\000c\000t\000i\000o\000n\000\040\000t\000o\000\040\000L\000o\000s\000s\000\040\000D\000a\000t\000a\000\040\000A\000n\000a\000l\000y\000t\000i\000c\000s}{}% 6
\BOOKMARK [1][-]{section.1.1}{\376\377\000R\000e\000l\000e\000v\000a\000n\000c\000e\000\040\000o\000f\000\040\000A\000n\000a\000l\000y\000t\000i\000c\000s\000\040\000t\000o\000\040\000I\000n\000s\000u\000r\000a\000n\000c\000e\000\040\000A\000c\000t\000i\000v\000i\000t\000i\000e\000s}{chapter.1}% 7
\BOOKMARK [2][-]{subsection.1.1.1}{\376\377\000N\000a\000t\000u\000r\000e\000\040\000a\000n\000d\000\040\000R\000e\000l\000e\000v\000a\000n\000c\000e\000\040\000o\000f\000\040\000I\000n\000s\000u\000r\000a\000n\000c\000e}{section.1.1}% 8
\BOOKMARK [2][-]{subsection.1.1.2}{\376\377\000W\000h\000a\000t\000\040\000i\000s\000\040\000A\000n\000a\000l\000y\000t\000i\000c\000s\000?}{section.1.1}% 9
\BOOKMARK [2][-]{subsection.1.1.3}{\376\377\000I\000n\000s\000u\000r\000a\000n\000c\000e\000\040\000P\000r\000o\000c\000e\000s\000s\000e\000s}{section.1.1}% 10
\BOOKMARK [1][-]{section.1.2}{\376\377\000I\000n\000s\000u\000r\000a\000n\000c\000e\000\040\000C\000o\000m\000p\000a\000n\000y\000\040\000O\000p\000e\000r\000a\000t\000i\000o\000n\000s}{chapter.1}% 11
\BOOKMARK [2][-]{subsection.1.2.1}{\376\377\000I\000n\000i\000t\000i\000a\000t\000i\000n\000g\000\040\000I\000n\000s\000u\000r\000a\000n\000c\000e}{section.1.2}% 12
\BOOKMARK [2][-]{subsection.1.2.2}{\376\377\000R\000e\000n\000e\000w\000i\000n\000g\000\040\000I\000n\000s\000u\000r\000a\000n\000c\000e}{section.1.2}% 13
\BOOKMARK [2][-]{subsection.1.2.3}{\376\377\000C\000l\000a\000i\000m\000s\000\040\000a\000n\000d\000\040\000P\000r\000o\000d\000u\000c\000t\000\040\000M\000a\000n\000a\000g\000e\000m\000e\000n\000t}{section.1.2}% 14
\BOOKMARK [2][-]{subsection.1.2.4}{\376\377\000L\000o\000s\000s\000\040\000R\000e\000s\000e\000r\000v\000i\000n\000g}{section.1.2}% 15
\BOOKMARK [1][-]{section.1.3}{\376\377\000C\000a\000s\000e\000\040\000S\000t\000u\000d\000y\000:\000\040\000W\000i\000s\000c\000o\000n\000s\000i\000n\000\040\000P\000r\000o\000p\000e\000r\000t\000y\000\040\000F\000u\000n\000d}{chapter.1}% 16
\BOOKMARK [2][-]{subsection.1.3.1}{\376\377\000F\000u\000n\000d\000\040\000C\000l\000a\000i\000m\000s\000\040\000V\000a\000r\000i\000a\000b\000l\000e\000s\000:\000\040\000F\000r\000e\000q\000u\000e\000n\000c\000y\000\040\000a\000n\000d\000\040\000S\000e\000v\000e\000r\000i\000t\000y}{section.1.3}% 17
\BOOKMARK [2][-]{subsection.1.3.2}{\376\377\000F\000u\000n\000d\000\040\000R\000a\000t\000i\000n\000g\000\040\000V\000a\000r\000i\000a\000b\000l\000e\000s}{section.1.3}% 18
\BOOKMARK [2][-]{subsection.1.3.3}{\376\377\000F\000u\000n\000d\000\040\000O\000p\000e\000r\000a\000t\000i\000o\000n\000s}{section.1.3}% 19
\BOOKMARK [1][-]{section.1.4}{\376\377\000F\000u\000r\000t\000h\000e\000r\000\040\000R\000e\000s\000o\000u\000r\000c\000e\000s\000\040\000a\000n\000d\000\040\000C\000o\000n\000t\000r\000i\000b\000u\000t\000o\000r\000s}{chapter.1}% 20
\BOOKMARK [0][-]{chapter.2}{\376\377\000F\000r\000e\000q\000u\000e\000n\000c\000y\000\040\000M\000o\000d\000e\000l\000i\000n\000g}{}% 21
\BOOKMARK [1][-]{section.2.1}{\376\377\000F\000r\000e\000q\000u\000e\000n\000c\000y\000\040\000D\000i\000s\000t\000r\000i\000b\000u\000t\000i\000o\000n\000s}{chapter.2}% 22
\BOOKMARK [2][-]{subsection.2.1.1}{\376\377\000H\000o\000w\000\040\000F\000r\000e\000q\000u\000e\000n\000c\000y\000\040\000A\000u\000g\000m\000e\000n\000t\000s\000\040\000S\000e\000v\000e\000r\000i\000t\000y\000\040\000I\000n\000f\000o\000r\000m\000a\000t\000i\000o\000n}{section.2.1}% 23
\BOOKMARK [1][-]{section.2.2}{\376\377\000B\000a\000s\000i\000c\000\040\000F\000r\000e\000q\000u\000e\000n\000c\000y\000\040\000D\000i\000s\000t\000r\000i\000b\000u\000t\000i\000o\000n\000s}{chapter.2}% 24
\BOOKMARK [2][-]{subsection.2.2.1}{\376\377\000F\000o\000u\000n\000d\000a\000t\000i\000o\000n\000s}{section.2.2}% 25
\BOOKMARK [2][-]{subsection.2.2.2}{\376\377\000M\000o\000m\000e\000n\000t\000\040\000a\000n\000d\000\040\000P\000r\000o\000b\000a\000b\000i\000l\000i\000t\000y\000\040\000G\000e\000n\000e\000r\000a\000t\000i\000n\000g\000\040\000F\000u\000n\000c\000t\000i\000o\000n\000s}{section.2.2}% 26
\BOOKMARK [2][-]{subsection.2.2.3}{\376\377\000I\000m\000p\000o\000r\000t\000a\000n\000t\000\040\000F\000r\000e\000q\000u\000e\000n\000c\000y\000\040\000D\000i\000s\000t\000r\000i\000b\000u\000t\000i\000o\000n\000s}{section.2.2}% 27
\BOOKMARK [1][-]{section.2.3}{\376\377\000T\000h\000e\000\040\000\050\000a\000,\000\040\000b\000,\000\040\0000\000\051\000\040\000C\000l\000a\000s\000s}{chapter.2}% 28
\BOOKMARK [1][-]{section.2.4}{\376\377\000E\000s\000t\000i\000m\000a\000t\000i\000n\000g\000\040\000F\000r\000e\000q\000u\000e\000n\000c\000y\000\040\000D\000i\000s\000t\000r\000i\000b\000u\000t\000i\000o\000n\000s}{chapter.2}% 29
\BOOKMARK [2][-]{subsection.2.4.1}{\376\377\000P\000a\000r\000a\000m\000e\000t\000e\000r\000\040\000E\000s\000t\000i\000m\000a\000t\000i\000o\000n}{section.2.4}% 30
\BOOKMARK [2][-]{subsection.2.4.2}{\376\377\000F\000r\000e\000q\000u\000e\000n\000c\000y\000\040\000D\000i\000s\000t\000r\000i\000b\000u\000t\000i\000o\000n\000s\000\040\000M\000L\000E}{section.2.4}% 31
\BOOKMARK [1][-]{section.2.5}{\376\377\000O\000t\000h\000e\000r\000\040\000F\000r\000e\000q\000u\000e\000n\000c\000y\000\040\000D\000i\000s\000t\000r\000i\000b\000u\000t\000i\000o\000n\000s}{chapter.2}% 32
\BOOKMARK [2][-]{subsection.2.5.1}{\376\377\000Z\000e\000r\000o\000\040\000T\000r\000u\000n\000c\000a\000t\000i\000o\000n\000\040\000o\000r\000\040\000M\000o\000d\000i\000f\000i\000c\000a\000t\000i\000o\000n}{section.2.5}% 33
\BOOKMARK [1][-]{section.2.6}{\376\377\000M\000i\000x\000t\000u\000r\000e\000\040\000D\000i\000s\000t\000r\000i\000b\000u\000t\000i\000o\000n\000s}{chapter.2}% 34
\BOOKMARK [1][-]{section.2.7}{\376\377\000G\000o\000o\000d\000n\000e\000s\000s\000\040\000o\000f\000\040\000F\000i\000t}{chapter.2}% 35
\BOOKMARK [1][-]{section.2.8}{\376\377\000E\000x\000e\000r\000c\000i\000s\000e\000s}{chapter.2}% 36
\BOOKMARK [1][-]{section.2.9}{\376\377\000F\000u\000r\000t\000h\000e\000r\000\040\000R\000e\000s\000o\000u\000r\000c\000e\000s\000\040\000a\000n\000d\000\040\000C\000o\000n\000t\000r\000i\000b\000u\000t\000o\000r\000s}{chapter.2}% 37
\BOOKMARK [2][-]{subsection.2.9.1}{\376\377\000T\000S\000\040\0002\000.\000A\000.\000\040\000R\000\040\000C\000o\000d\000e\000\040\000f\000o\000r\000\040\000P\000l\000o\000t\000s}{section.2.9}% 38
\BOOKMARK [0][-]{chapter.3}{\376\377\000M\000o\000d\000e\000l\000i\000n\000g\000\040\000L\000o\000s\000s\000\040\000S\000e\000v\000e\000r\000i\000t\000y}{}% 39
\BOOKMARK [1][-]{section.3.1}{\376\377\000B\000a\000s\000i\000c\000\040\000D\000i\000s\000t\000r\000i\000b\000u\000t\000i\000o\000n\000a\000l\000\040\000Q\000u\000a\000n\000t\000i\000t\000i\000e\000s}{chapter.3}% 40
\BOOKMARK [2][-]{subsection.3.1.1}{\376\377\000M\000o\000m\000e\000n\000t\000s}{section.3.1}% 41
\BOOKMARK [2][-]{subsection.3.1.2}{\376\377\000Q\000u\000a\000n\000t\000i\000l\000e\000s}{section.3.1}% 42
\BOOKMARK [2][-]{subsection.3.1.3}{\376\377\000M\000o\000m\000e\000n\000t\000\040\000G\000e\000n\000e\000r\000a\000t\000i\000n\000g\000\040\000F\000u\000n\000c\000t\000i\000o\000n}{section.3.1}% 43
\BOOKMARK [1][-]{section.3.2}{\376\377\000C\000o\000n\000t\000i\000n\000u\000o\000u\000s\000\040\000D\000i\000s\000t\000r\000i\000b\000u\000t\000i\000o\000n\000s\000\040\000f\000o\000r\000\040\000M\000o\000d\000e\000l\000i\000n\000g\000\040\000L\000o\000s\000s\000\040\000S\000e\000v\000e\000r\000i\000t\000y}{chapter.3}% 44
\BOOKMARK [2][-]{subsection.3.2.1}{\376\377\000G\000a\000m\000m\000a\000\040\000D\000i\000s\000t\000r\000i\000b\000u\000t\000i\000o\000n}{section.3.2}% 45
\BOOKMARK [2][-]{subsection.3.2.2}{\376\377\000P\000a\000r\000e\000t\000o\000\040\000D\000i\000s\000t\000r\000i\000b\000u\000t\000i\000o\000n}{section.3.2}% 46
\BOOKMARK [2][-]{subsection.3.2.3}{\376\377\000W\000e\000i\000b\000u\000l\000l\000\040\000D\000i\000s\000t\000r\000i\000b\000u\000t\000i\000o\000n}{section.3.2}% 47
\BOOKMARK [2][-]{subsection.3.2.4}{\376\377\000T\000h\000e\000\040\000G\000e\000n\000e\000r\000a\000l\000i\000z\000e\000d\000\040\000B\000e\000t\000a\000\040\000D\000i\000s\000t\000r\000i\000b\000u\000t\000i\000o\000n\000\040\000o\000f\000\040\000t\000h\000e\000\040\000S\000e\000c\000o\000n\000d\000\040\000K\000i\000n\000d}{section.3.2}% 48
\BOOKMARK [1][-]{section.3.3}{\376\377\000M\000e\000t\000h\000o\000d\000s\000\040\000o\000f\000\040\000C\000r\000e\000a\000t\000i\000n\000g\000\040\000N\000e\000w\000\040\000D\000i\000s\000t\000r\000i\000b\000u\000t\000i\000o\000n\000s}{chapter.3}% 49
\BOOKMARK [2][-]{subsection.3.3.1}{\376\377\000F\000u\000n\000c\000t\000i\000o\000n\000s\000\040\000o\000f\000\040\000R\000a\000n\000d\000o\000m\000\040\000V\000a\000r\000i\000a\000b\000l\000e\000s\000\040\000a\000n\000d\000\040\000t\000h\000e\000i\000r\000\040\000D\000i\000s\000t\000r\000i\000b\000u\000t\000i\000o\000n\000s}{section.3.3}% 50
\BOOKMARK [2][-]{subsection.3.3.2}{\376\377\000M\000u\000l\000t\000i\000p\000l\000i\000c\000a\000t\000i\000o\000n\000\040\000b\000y\000\040\000a\000\040\000C\000o\000n\000s\000t\000a\000n\000t}{section.3.3}% 51
\BOOKMARK [2][-]{subsection.3.3.3}{\376\377\000R\000a\000i\000s\000i\000n\000g\000\040\000t\000o\000\040\000a\000\040\000P\000o\000w\000e\000r}{section.3.3}% 52
\BOOKMARK [2][-]{subsection.3.3.4}{\376\377\000E\000x\000p\000o\000n\000e\000n\000t\000i\000a\000t\000i\000o\000n}{section.3.3}% 53
\BOOKMARK [2][-]{subsection.3.3.5}{\376\377\000F\000i\000n\000i\000t\000e\000\040\000M\000i\000x\000t\000u\000r\000e\000s}{section.3.3}% 54
\BOOKMARK [2][-]{subsection.3.3.6}{\376\377\000C\000o\000n\000t\000i\000n\000u\000o\000u\000s\000\040\000M\000i\000x\000t\000u\000r\000e\000s}{section.3.3}% 55
\BOOKMARK [1][-]{section.3.4}{\376\377\000C\000o\000v\000e\000r\000a\000g\000e\000\040\000M\000o\000d\000i\000f\000i\000c\000a\000t\000i\000o\000n\000s}{chapter.3}% 56
\BOOKMARK [2][-]{subsection.3.4.1}{\376\377\000P\000o\000l\000i\000c\000y\000\040\000D\000e\000d\000u\000c\000t\000i\000b\000l\000e\000s}{section.3.4}% 57
\BOOKMARK [2][-]{subsection.3.4.2}{\376\377\000P\000o\000l\000i\000c\000y\000\040\000L\000i\000m\000i\000t\000s}{section.3.4}% 58
\BOOKMARK [2][-]{subsection.3.4.3}{\376\377\000C\000o\000i\000n\000s\000u\000r\000a\000n\000c\000e\000\040\000a\000n\000d\000\040\000I\000n\000f\000l\000a\000t\000i\000o\000n}{section.3.4}% 59
\BOOKMARK [2][-]{subsection.3.4.4}{\376\377\000R\000e\000i\000n\000s\000u\000r\000a\000n\000c\000e}{section.3.4}% 60
\BOOKMARK [1][-]{section.3.5}{\376\377\000M\000a\000x\000i\000m\000u\000m\000\040\000L\000i\000k\000e\000l\000i\000h\000o\000o\000d\000\040\000E\000s\000t\000i\000m\000a\000t\000i\000o\000n}{chapter.3}% 61
\BOOKMARK [2][-]{subsection.3.5.1}{\376\377\000M\000a\000x\000i\000m\000u\000m\000\040\000L\000i\000k\000e\000l\000i\000h\000o\000o\000d\000\040\000E\000s\000t\000i\000m\000a\000t\000o\000r\000s\000\040\000f\000o\000r\000\040\000C\000o\000m\000p\000l\000e\000t\000e\000\040\000D\000a\000t\000a}{section.3.5}% 62
\BOOKMARK [2][-]{subsection.3.5.2}{\376\377\000M\000a\000x\000i\000m\000u\000m\000\040\000L\000i\000k\000e\000l\000i\000h\000o\000o\000d\000\040\000E\000s\000t\000i\000m\000a\000t\000o\000r\000s\000\040\000u\000s\000i\000n\000g\000\040\000M\000o\000d\000i\000f\000i\000e\000d\000\040\000D\000a\000t\000a}{section.3.5}% 63
\BOOKMARK [1][-]{section.3.6}{\376\377\000F\000u\000r\000t\000h\000e\000r\000\040\000R\000e\000s\000o\000u\000r\000c\000e\000s\000\040\000a\000n\000d\000\040\000C\000o\000n\000t\000r\000i\000b\000u\000t\000o\000r\000s}{chapter.3}% 64
\BOOKMARK [0][-]{chapter.4}{\376\377\000M\000o\000d\000e\000l\000\040\000S\000e\000l\000e\000c\000t\000i\000o\000n\000\040\000a\000n\000d\000\040\000E\000s\000t\000i\000m\000a\000t\000i\000o\000n}{}% 65
\BOOKMARK [1][-]{section.4.1}{\376\377\000N\000o\000n\000p\000a\000r\000a\000m\000e\000t\000r\000i\000c\000\040\000I\000n\000f\000e\000r\000e\000n\000c\000e}{chapter.4}% 66
\BOOKMARK [2][-]{subsection.4.1.1}{\376\377\000N\000o\000n\000p\000a\000r\000a\000m\000e\000t\000r\000i\000c\000\040\000E\000s\000t\000i\000m\000a\000t\000i\000o\000n}{section.4.1}% 67
\BOOKMARK [2][-]{subsection.4.1.2}{\376\377\000T\000o\000o\000l\000s\000\040\000f\000o\000r\000\040\000M\000o\000d\000e\000l\000\040\000S\000e\000l\000e\000c\000t\000i\000o\000n\000\040\000a\000n\000d\000\040\000D\000i\000a\000g\000n\000o\000s\000t\000i\000c\000s}{section.4.1}% 68
\BOOKMARK [2][-]{subsection.4.1.3}{\376\377\000S\000t\000a\000r\000t\000i\000n\000g\000\040\000V\000a\000l\000u\000e\000s}{section.4.1}% 69
\BOOKMARK [1][-]{section.4.2}{\376\377\000M\000o\000d\000e\000l\000\040\000S\000e\000l\000e\000c\000t\000i\000o\000n}{chapter.4}% 70
\BOOKMARK [2][-]{subsection.4.2.1}{\376\377\000I\000t\000e\000r\000a\000t\000i\000v\000e\000\040\000M\000o\000d\000e\000l\000\040\000S\000e\000l\000e\000c\000t\000i\000o\000n}{section.4.2}% 71
\BOOKMARK [2][-]{subsection.4.2.2}{\376\377\000M\000o\000d\000e\000l\000\040\000S\000e\000l\000e\000c\000t\000i\000o\000n\000\040\000B\000a\000s\000e\000d\000\040\000o\000n\000\040\000a\000\040\000T\000r\000a\000i\000n\000i\000n\000g\000\040\000D\000a\000t\000a\000s\000e\000t}{section.4.2}% 72
\BOOKMARK [2][-]{subsection.4.2.3}{\376\377\000M\000o\000d\000e\000l\000\040\000S\000e\000l\000e\000c\000t\000i\000o\000n\000\040\000B\000a\000s\000e\000d\000\040\000o\000n\000\040\000a\000\040\000T\000e\000s\000t\000\040\000D\000a\000t\000a\000s\000e\000t}{section.4.2}% 73
\BOOKMARK [2][-]{subsection.4.2.4}{\376\377\000M\000o\000d\000e\000l\000\040\000S\000e\000l\000e\000c\000t\000i\000o\000n\000\040\000B\000a\000s\000e\000d\000\040\000o\000n\000\040\000C\000r\000o\000s\000s\000-\000V\000a\000l\000i\000d\000a\000t\000i\000o\000n}{section.4.2}% 74
\BOOKMARK [1][-]{section.4.3}{\376\377\000E\000s\000t\000i\000m\000a\000t\000i\000o\000n\000\040\000u\000s\000i\000n\000g\000\040\000M\000o\000d\000i\000f\000i\000e\000d\000\040\000D\000a\000t\000a}{chapter.4}% 75
\BOOKMARK [2][-]{subsection.4.3.1}{\376\377\000P\000a\000r\000a\000m\000e\000t\000r\000i\000c\000\040\000E\000s\000t\000i\000m\000a\000t\000i\000o\000n\000\040\000u\000s\000i\000n\000g\000\040\000M\000o\000d\000i\000f\000i\000e\000d\000\040\000D\000a\000t\000a}{section.4.3}% 76
\BOOKMARK [2][-]{subsection.4.3.2}{\376\377\000N\000o\000n\000p\000a\000r\000a\000m\000e\000t\000r\000i\000c\000\040\000E\000s\000t\000i\000m\000a\000t\000i\000o\000n\000\040\000u\000s\000i\000n\000g\000\040\000M\000o\000d\000i\000f\000i\000e\000d\000\040\000D\000a\000t\000a}{section.4.3}% 77
\BOOKMARK [1][-]{section.4.4}{\376\377\000B\000a\000y\000e\000s\000i\000a\000n\000\040\000I\000n\000f\000e\000r\000e\000n\000c\000e}{chapter.4}% 78
\BOOKMARK [2][-]{subsection.4.4.1}{\376\377\000I\000n\000t\000r\000o\000d\000u\000c\000t\000i\000o\000n\000\040\000t\000o\000\040\000B\000a\000y\000e\000s\000i\000a\000n\000\040\000I\000n\000f\000e\000r\000e\000n\000c\000e}{section.4.4}% 79
\BOOKMARK [2][-]{subsection.4.4.2}{\376\377\000B\000a\000y\000e\000s\000i\000a\000n\000\040\000M\000o\000d\000e\000l}{section.4.4}% 80
\BOOKMARK [2][-]{subsection.4.4.3}{\376\377\000B\000a\000y\000e\000s\000i\000a\000n\000\040\000I\000n\000f\000e\000r\000e\000n\000c\000e}{section.4.4}% 81
\BOOKMARK [2][-]{subsection.4.4.4}{\376\377\000C\000o\000n\000j\000u\000g\000a\000t\000e\000\040\000D\000i\000s\000t\000r\000i\000b\000u\000t\000i\000o\000n\000s}{section.4.4}% 82
\BOOKMARK [1][-]{section.4.5}{\376\377\000F\000u\000r\000t\000h\000e\000r\000\040\000R\000e\000s\000o\000u\000r\000c\000e\000s\000\040\000a\000n\000d\000\040\000C\000o\000n\000t\000r\000i\000b\000u\000t\000o\000r\000s}{chapter.4}% 83
\BOOKMARK [0][-]{chapter.5}{\376\377\000A\000g\000g\000r\000e\000g\000a\000t\000e\000\040\000L\000o\000s\000s\000\040\000M\000o\000d\000e\000l\000s}{}% 84
\BOOKMARK [1][-]{section.5.1}{\376\377\000I\000n\000t\000r\000o\000d\000u\000c\000t\000i\000o\000n}{chapter.5}% 85
\BOOKMARK [1][-]{section.5.2}{\376\377\000I\000n\000d\000i\000v\000i\000d\000u\000a\000l\000\040\000R\000i\000s\000k\000\040\000M\000o\000d\000e\000l}{chapter.5}% 86
\BOOKMARK [1][-]{section.5.3}{\376\377\000C\000o\000l\000l\000e\000c\000t\000i\000v\000e\000\040\000R\000i\000s\000k\000\040\000M\000o\000d\000e\000l}{chapter.5}% 87
\BOOKMARK [2][-]{subsection.5.3.1}{\376\377\000M\000o\000m\000e\000n\000t\000s\000\040\000a\000n\000d\000\040\000D\000i\000s\000t\000r\000i\000b\000u\000t\000i\000o\000n}{section.5.3}% 88
\BOOKMARK [2][-]{subsection.5.3.2}{\376\377\000S\000t\000o\000p\000-\000l\000o\000s\000s\000\040\000I\000n\000s\000u\000r\000a\000n\000c\000e}{section.5.3}% 89
\BOOKMARK [2][-]{subsection.5.3.3}{\376\377\000A\000n\000a\000l\000y\000t\000i\000c\000\040\000R\000e\000s\000u\000l\000t\000s}{section.5.3}% 90
\BOOKMARK [2][-]{subsection.5.3.4}{\376\377\000T\000w\000e\000e\000d\000i\000e\000\040\000D\000i\000s\000t\000r\000i\000b\000u\000t\000i\000o\000n}{section.5.3}% 91
\BOOKMARK [1][-]{section.5.4}{\376\377\000C\000o\000m\000p\000u\000t\000i\000n\000g\000\040\000t\000h\000e\000\040\000A\000g\000g\000r\000e\000g\000a\000t\000e\000\040\000C\000l\000a\000i\000m\000s\000\040\000D\000i\000s\000t\000r\000i\000b\000u\000t\000i\000o\000n}{chapter.5}% 92
\BOOKMARK [2][-]{subsection.5.4.1}{\376\377\000R\000e\000c\000u\000r\000s\000i\000v\000e\000\040\000M\000e\000t\000h\000o\000d}{section.5.4}% 93
\BOOKMARK [2][-]{subsection.5.4.2}{\376\377\000S\000i\000m\000u\000l\000a\000t\000i\000o\000n}{section.5.4}% 94
\BOOKMARK [1][-]{section.5.5}{\376\377\000E\000f\000f\000e\000c\000t\000s\000\040\000o\000f\000\040\000C\000o\000v\000e\000r\000a\000g\000e\000\040\000M\000o\000d\000i\000f\000i\000c\000a\000t\000i\000o\000n\000s}{chapter.5}% 95
\BOOKMARK [2][-]{subsection.5.5.1}{\376\377\000I\000m\000p\000a\000c\000t\000\040\000o\000f\000\040\000E\000x\000p\000o\000s\000u\000r\000e\000\040\000o\000n\000\040\000F\000r\000e\000q\000u\000e\000n\000c\000y}{section.5.5}% 96
\BOOKMARK [2][-]{subsection.5.5.2}{\376\377\000I\000m\000p\000a\000c\000t\000\040\000o\000f\000\040\000D\000e\000d\000u\000c\000t\000i\000b\000l\000e\000s\000\040\000o\000n\000\040\000C\000l\000a\000i\000m\000\040\000F\000r\000e\000q\000u\000e\000n\000c\000y}{section.5.5}% 97
\BOOKMARK [2][-]{subsection.5.5.3}{\376\377\000I\000m\000p\000a\000c\000t\000\040\000o\000f\000\040\000P\000o\000l\000i\000c\000y\000\040\000M\000o\000d\000i\000f\000i\000c\000a\000t\000i\000o\000n\000s\000\040\000o\000n\000\040\000A\000g\000g\000r\000e\000g\000a\000t\000e\000\040\000C\000l\000a\000i\000m\000s}{section.5.5}% 98
\BOOKMARK [1][-]{section.5.6}{\376\377\000F\000u\000r\000t\000h\000e\000r\000\040\000R\000e\000s\000o\000u\000r\000c\000e\000s\000\040\000a\000n\000d\000\040\000C\000o\000n\000t\000r\000i\000b\000u\000t\000o\000r\000s}{chapter.5}% 99
\BOOKMARK [2][-]{section*.58}{\376\377\000T\000S\000\040\0005\000.\000A\000.\0001\000.\000\040\000I\000n\000d\000i\000v\000i\000d\000u\000a\000l\000\040\000R\000i\000s\000k\000\040\000M\000o\000d\000e\000l\000\040\000P\000r\000o\000p\000e\000r\000t\000i\000e\000s}{section.5.6}% 100
\BOOKMARK [2][-]{section*.59}{\376\377\000T\000S\000\040\0005\000.\000A\000.\0002\000.\000\040\000R\000e\000l\000a\000t\000i\000o\000n\000s\000h\000i\000p\000\040\000B\000e\000t\000w\000e\000e\000n\000\040\000P\000r\000o\000b\000a\000b\000i\000l\000i\000t\000y\000\040\000G\000e\000n\000e\000r\000a\000t\000i\000n\000g\000\040\000F\000u\000n\000c\000t\000i\000o\000n\000s\000\040\000o\000f\000\040\000X\000i\000\040\000a\000n\000d\000\040\000X\000i\000T}{section.5.6}% 101
\BOOKMARK [2][-]{section*.60}{\376\377\000T\000S\000\040\0005\000.\000A\000.\0003\000.\000\040\000E\000x\000a\000m\000p\000l\000e\000\040\0005\000.\0003\000.\0008\000\040\000M\000o\000m\000e\000n\000t\000\040\000G\000e\000n\000e\000r\000a\000t\000i\000n\000g\000\040\000F\000u\000n\000c\000t\000i\000o\000n\000\040\000o\000f\000\040\000A\000g\000g\000r\000e\000g\000a\000t\000e\000\040\000L\000o\000s\000s\000\040\000S\000N}{section.5.6}% 102
\BOOKMARK [0][-]{chapter.6}{\376\377\000S\000i\000m\000u\000l\000a\000t\000i\000o\000n\000\040\000a\000n\000d\000\040\000R\000e\000s\000a\000m\000p\000l\000i\000n\000g}{}% 103
\BOOKMARK [1][-]{section.6.1}{\376\377\000S\000i\000m\000u\000l\000a\000t\000i\000o\000n\000\040\000F\000u\000n\000d\000a\000m\000e\000n\000t\000a\000l\000s}{chapter.6}% 104
\BOOKMARK [2][-]{subsection.6.1.1}{\376\377\000G\000e\000n\000e\000r\000a\000t\000i\000n\000g\000\040\000I\000n\000d\000e\000p\000e\000n\000d\000e\000n\000t\000\040\000U\000n\000i\000f\000o\000r\000m\000\040\000O\000b\000s\000e\000r\000v\000a\000t\000i\000o\000n\000s}{section.6.1}% 105
\BOOKMARK [2][-]{subsection.6.1.2}{\376\377\000I\000n\000v\000e\000r\000s\000e\000\040\000T\000r\000a\000n\000s\000f\000o\000r\000m\000\040\000M\000e\000t\000h\000o\000d}{section.6.1}% 106
\BOOKMARK [2][-]{subsection.6.1.3}{\376\377\000S\000i\000m\000u\000l\000a\000t\000i\000o\000n\000\040\000P\000r\000e\000c\000i\000s\000i\000o\000n}{section.6.1}% 107
\BOOKMARK [2][-]{subsection.6.1.4}{\376\377\000S\000i\000m\000u\000l\000a\000t\000i\000o\000n\000\040\000a\000n\000d\000\040\000S\000t\000a\000t\000i\000s\000t\000i\000c\000a\000l\000\040\000I\000n\000f\000e\000r\000e\000n\000c\000e}{section.6.1}% 108
\BOOKMARK [1][-]{section.6.2}{\376\377\000B\000o\000o\000t\000s\000t\000r\000a\000p\000p\000i\000n\000g\000\040\000a\000n\000d\000\040\000R\000e\000s\000a\000m\000p\000l\000i\000n\000g}{chapter.6}% 109
\BOOKMARK [2][-]{subsection.6.2.1}{\376\377\000B\000o\000o\000t\000s\000t\000r\000a\000p\000\040\000F\000o\000u\000n\000d\000a\000t\000i\000o\000n\000s}{section.6.2}% 110
\BOOKMARK [2][-]{subsection.6.2.2}{\376\377\000B\000o\000o\000t\000s\000t\000r\000a\000p\000\040\000P\000r\000e\000c\000i\000s\000i\000o\000n\000:\000\040\000B\000i\000a\000s\000,\000\040\000S\000t\000a\000n\000d\000a\000r\000d\000\040\000D\000e\000v\000i\000a\000t\000i\000o\000n\000,\000\040\000a\000n\000d\000\040\000M\000S\000E}{section.6.2}% 111
\BOOKMARK [2][-]{subsection.6.2.3}{\376\377\000C\000o\000n\000f\000i\000d\000e\000n\000c\000e\000\040\000I\000n\000t\000e\000r\000v\000a\000l\000s}{section.6.2}% 112
\BOOKMARK [2][-]{subsection.6.2.4}{\376\377\000P\000a\000r\000a\000m\000e\000t\000r\000i\000c\000\040\000B\000o\000o\000t\000s\000t\000r\000a\000p}{section.6.2}% 113
\BOOKMARK [1][-]{section.6.3}{\376\377\000C\000r\000o\000s\000s\000-\000V\000a\000l\000i\000d\000a\000t\000i\000o\000n}{chapter.6}% 114
\BOOKMARK [2][-]{subsection.6.3.1}{\376\377\000k\000-\000F\000o\000l\000d\000\040\000C\000r\000o\000s\000s\000-\000V\000a\000l\000i\000d\000a\000t\000i\000o\000n}{section.6.3}% 115
\BOOKMARK [2][-]{subsection.6.3.2}{\376\377\000L\000e\000a\000v\000e\000-\000O\000n\000e\000-\000O\000u\000t\000\040\000C\000r\000o\000s\000s\000-\000V\000a\000l\000i\000d\000a\000t\000i\000o\000n}{section.6.3}% 116
\BOOKMARK [2][-]{subsection.6.3.3}{\376\377\000C\000r\000o\000s\000s\000-\000V\000a\000l\000i\000d\000a\000t\000i\000o\000n\000\040\000a\000n\000d\000\040\000B\000o\000o\000t\000s\000t\000r\000a\000p}{section.6.3}% 117
\BOOKMARK [1][-]{section.6.4}{\376\377\000I\000m\000p\000o\000r\000t\000a\000n\000c\000e\000\040\000S\000a\000m\000p\000l\000i\000n\000g}{chapter.6}% 118
\BOOKMARK [1][-]{section.6.5}{\376\377\000M\000o\000n\000t\000e\000\040\000C\000a\000r\000l\000o\000\040\000M\000a\000r\000k\000o\000v\000\040\000C\000h\000a\000i\000n\000\040\000\050\000M\000C\000M\000C\000\051}{chapter.6}% 119
\BOOKMARK [2][-]{subsection.6.5.1}{\376\377\000H\000a\000s\000t\000i\000n\000g\000s\000\040\000M\000e\000t\000r\000o\000p\000o\000l\000i\000s}{section.6.5}% 120
\BOOKMARK [2][-]{subsection.6.5.2}{\376\377\000G\000i\000b\000b\000s\000\040\000s\000a\000m\000p\000l\000e\000r}{section.6.5}% 121
\BOOKMARK [1][-]{section.6.6}{\376\377\000F\000u\000r\000t\000h\000e\000r\000\040\000R\000e\000s\000o\000u\000r\000c\000e\000s\000\040\000a\000n\000d\000\040\000C\000o\000n\000t\000r\000i\000b\000u\000t\000o\000r\000s}{chapter.6}% 122
\BOOKMARK [1][-]{section.6.7}{\376\377\000T\000S\000\040\0006\000.\000A\000.\000\040\000A\000p\000p\000l\000i\000c\000a\000t\000i\000o\000n\000s\000\040\000o\000f\000\040\000B\000o\000o\000t\000s\000t\000r\000a\000p\000\040\000i\000n\000\040\000P\000r\000e\000d\000i\000c\000t\000i\000v\000e\000\040\000M\000o\000d\000e\000l\000i\000n\000g}{chapter.6}% 123
\BOOKMARK [0][-]{chapter.7}{\376\377\000P\000r\000e\000m\000i\000u\000m\000\040\000F\000o\000u\000n\000d\000a\000t\000i\000o\000n\000s}{}% 124
\BOOKMARK [1][-]{section.7.1}{\376\377\000I\000n\000t\000r\000o\000d\000u\000c\000t\000i\000o\000n\000\040\000t\000o\000\040\000R\000a\000t\000e\000m\000a\000k\000i\000n\000g}{chapter.7}% 125
\BOOKMARK [1][-]{section.7.2}{\376\377\000A\000g\000g\000r\000e\000g\000a\000t\000e\000\040\000R\000a\000t\000e\000m\000a\000k\000i\000n\000g\000\040\000M\000e\000t\000h\000o\000d\000s}{chapter.7}% 126
\BOOKMARK [2][-]{subsection.7.2.1}{\376\377\000P\000u\000r\000e\000\040\000P\000r\000e\000m\000i\000u\000m\000\040\000M\000e\000t\000h\000o\000d}{section.7.2}% 127
\BOOKMARK [2][-]{subsection.7.2.2}{\376\377\000L\000o\000s\000s\000\040\000R\000a\000t\000i\000o\000\040\000M\000e\000t\000h\000o\000d}{section.7.2}% 128
\BOOKMARK [1][-]{section.7.3}{\376\377\000P\000r\000i\000c\000i\000n\000g\000\040\000P\000r\000i\000n\000c\000i\000p\000l\000e\000s}{chapter.7}% 129
\BOOKMARK [1][-]{section.7.4}{\376\377\000H\000e\000t\000e\000r\000o\000g\000e\000n\000e\000o\000u\000s\000\040\000R\000i\000s\000k\000s}{chapter.7}% 130
\BOOKMARK [2][-]{subsection.7.4.1}{\376\377\000E\000x\000p\000o\000s\000u\000r\000e\000\040\000t\000o\000\040\000R\000i\000s\000k}{section.7.4}% 131
\BOOKMARK [2][-]{subsection.7.4.2}{\376\377\000R\000a\000t\000i\000n\000g\000\040\000F\000a\000c\000t\000o\000r\000s}{section.7.4}% 132
\BOOKMARK [1][-]{section.7.5}{\376\377\000D\000e\000v\000e\000l\000o\000p\000m\000e\000n\000t\000\040\000a\000n\000d\000\040\000T\000r\000e\000n\000d\000i\000n\000g}{chapter.7}% 133
\BOOKMARK [2][-]{subsection.7.5.1}{\376\377\000E\000x\000p\000o\000s\000u\000r\000e\000s\000\040\000a\000n\000d\000\040\000P\000r\000e\000m\000i\000u\000m\000s}{section.7.5}% 134
\BOOKMARK [2][-]{subsection.7.5.2}{\376\377\000L\000o\000s\000s\000e\000s\000,\000\040\000C\000l\000a\000i\000m\000s\000,\000\040\000a\000n\000d\000\040\000P\000a\000y\000m\000e\000n\000t\000s}{section.7.5}% 135
\BOOKMARK [2][-]{subsection.7.5.3}{\376\377\000C\000o\000m\000p\000a\000r\000i\000n\000g\000\040\000P\000u\000r\000e\000\040\000P\000r\000e\000m\000i\000u\000m\000\040\000a\000n\000d\000\040\000L\000o\000s\000s\000\040\000R\000a\000t\000i\000o\000\040\000M\000e\000t\000h\000o\000d\000s}{section.7.5}% 136
\BOOKMARK [1][-]{section.7.6}{\376\377\000S\000e\000l\000e\000c\000t\000i\000n\000g\000\040\000a\000\040\000P\000r\000e\000m\000i\000u\000m}{chapter.7}% 137
\BOOKMARK [2][-]{subsection.7.6.1}{\376\377\000C\000l\000a\000s\000s\000i\000c\000\040\000L\000o\000r\000e\000n\000z\000\040\000C\000u\000r\000v\000e}{section.7.6}% 138
\BOOKMARK [2][-]{subsection.7.6.2}{\376\377\000C\000o\000n\000c\000e\000n\000t\000r\000a\000t\000i\000o\000n\000\040\000C\000u\000r\000v\000e\000\040\000a\000n\000d\000\040\000a\000\040\000G\000i\000n\000i\000\040\000S\000t\000a\000t\000i\000s\000t\000i\000c}{section.7.6}% 139
\BOOKMARK [2][-]{subsection.7.6.3}{\376\377\000O\000u\000t\000-\000o\000f\000-\000S\000a\000m\000p\000l\000e\000\040\000V\000a\000l\000i\000d\000a\000t\000i\000o\000n}{section.7.6}% 140
\BOOKMARK [1][-]{section.7.7}{\376\377\000O\000t\000h\000e\000r\000\040\000T\000o\000p\000i\000c\000s\000?}{chapter.7}% 141
\BOOKMARK [1][-]{section.7.8}{\376\377\000F\000u\000r\000t\000h\000e\000r\000\040\000R\000e\000s\000o\000u\000r\000c\000e\000s\000\040\000a\000n\000d\000\040\000C\000o\000n\000t\000r\000i\000b\000u\000t\000o\000r\000s}{chapter.7}% 142
\BOOKMARK [2][-]{subsection.7.8.1}{\376\377\000T\000S\000\040\0007\000.\000A\000.\000\040\000R\000a\000t\000e\000\040\000R\000e\000g\000u\000l\000a\000t\000i\000o\000n}{section.7.8}% 143
\BOOKMARK [2][-]{subsection.7.8.2}{\376\377\000T\000S\000\040\0007\000.\000B\000.\000\040\000S\000e\000l\000e\000c\000t\000i\000n\000g\000\040\000R\000a\000t\000i\000n\000g\000\040\000F\000a\000c\000t\000o\000r\000s}{section.7.8}% 144
\BOOKMARK [2][-]{subsection.7.8.3}{\376\377\000T\000S\000\040\0007\000.\000C\000.\000\040\000A\000d\000v\000e\000r\000s\000e\000\040\000S\000e\000l\000e\000c\000t\000i\000o\000n}{section.7.8}% 145
\BOOKMARK [0][-]{chapter.8}{\376\377\000R\000i\000s\000k\000\040\000C\000l\000a\000s\000s\000i\000f\000i\000c\000a\000t\000i\000o\000n}{}% 146
\BOOKMARK [1][-]{section.8.1}{\376\377\000I\000n\000t\000r\000o\000d\000u\000c\000t\000i\000o\000n}{chapter.8}% 147
\BOOKMARK [1][-]{section.8.2}{\376\377\000P\000o\000i\000s\000s\000o\000n\000\040\000R\000e\000g\000r\000e\000s\000s\000i\000o\000n\000\040\000M\000o\000d\000e\000l}{chapter.8}% 148
\BOOKMARK [2][-]{subsection.8.2.1}{\376\377\000N\000e\000e\000d\000\040\000f\000o\000r\000\040\000P\000o\000i\000s\000s\000o\000n\000\040\000R\000e\000g\000r\000e\000s\000s\000i\000o\000n}{section.8.2}% 149
\BOOKMARK [2][-]{subsection.8.2.2}{\376\377\000P\000o\000i\000s\000s\000o\000n\000\040\000R\000e\000g\000r\000e\000s\000s\000i\000o\000n}{section.8.2}% 150
\BOOKMARK [2][-]{subsection.8.2.3}{\376\377\000I\000n\000c\000o\000r\000p\000o\000r\000a\000t\000i\000n\000g\000\040\000E\000x\000p\000o\000s\000u\000r\000e}{section.8.2}% 151
\BOOKMARK [2][-]{subsection.8.2.4}{\376\377\000E\000x\000e\000r\000c\000i\000s\000e\000s}{section.8.2}% 152
\BOOKMARK [1][-]{section.8.3}{\376\377\000C\000a\000t\000e\000g\000o\000r\000i\000c\000a\000l\000\040\000V\000a\000r\000i\000a\000b\000l\000e\000s\000\040\000a\000n\000d\000\040\000M\000u\000l\000t\000i\000p\000l\000i\000c\000a\000t\000i\000v\000e\000\040\000T\000a\000r\000i\000f\000f}{chapter.8}% 153
\BOOKMARK [2][-]{subsection.8.3.1}{\376\377\000R\000a\000t\000i\000n\000g\000\040\000F\000a\000c\000t\000o\000r\000s\000\040\000a\000n\000d\000\040\000T\000a\000r\000i\000f\000f}{section.8.3}% 154
\BOOKMARK [2][-]{subsection.8.3.2}{\376\377\000M\000u\000l\000t\000i\000p\000l\000i\000c\000a\000t\000i\000v\000e\000\040\000T\000a\000r\000i\000f\000f\000\040\000M\000o\000d\000e\000l}{section.8.3}% 155
\BOOKMARK [2][-]{subsection.8.3.3}{\376\377\000P\000o\000i\000s\000s\000o\000n\000\040\000R\000e\000g\000r\000e\000s\000s\000i\000o\000n\000\040\000f\000o\000r\000\040\000M\000u\000l\000t\000i\000p\000l\000i\000c\000a\000t\000i\000v\000e\000\040\000T\000a\000r\000i\000f\000f}{section.8.3}% 156
\BOOKMARK [2][-]{subsection.8.3.4}{\376\377\000N\000u\000m\000e\000r\000i\000c\000a\000l\000\040\000E\000x\000a\000m\000p\000l\000e\000s}{section.8.3}% 157
\BOOKMARK [1][-]{section.8.4}{\376\377\000F\000u\000r\000t\000h\000e\000r\000\040\000R\000e\000s\000o\000u\000r\000c\000e\000s\000\040\000a\000n\000d\000\040\000C\000o\000n\000t\000r\000i\000b\000u\000t\000o\000r\000s}{chapter.8}% 158
\BOOKMARK [2][-]{section*.89}{\376\377\000T\000S\000\040\0008\000.\000A\000\040\040\023\000\040\000E\000s\000t\000i\000m\000a\000t\000i\000n\000g\000\040\000P\000o\000i\000s\000s\000o\000n\000\040\000R\000e\000g\000r\000e\000s\000s\000i\000o\000n\000\040\000M\000o\000d\000e\000l\000s}{section.8.4}% 159
\BOOKMARK [0][-]{chapter.9}{\376\377\000E\000x\000p\000e\000r\000i\000e\000n\000c\000e\000\040\000R\000a\000t\000i\000n\000g\000\040\000U\000s\000i\000n\000g\000\040\000C\000r\000e\000d\000i\000b\000i\000l\000i\000t\000y\000\040\000T\000h\000e\000o\000r\000y}{}% 160
\BOOKMARK [1][-]{section.9.1}{\376\377\000I\000n\000t\000r\000o\000d\000u\000c\000t\000i\000o\000n\000\040\000t\000o\000\040\000A\000p\000p\000l\000i\000c\000a\000t\000i\000o\000n\000s\000\040\000o\000f\000\040\000C\000r\000e\000d\000i\000b\000i\000l\000i\000t\000y\000\040\000T\000h\000e\000o\000r\000y}{chapter.9}% 161
\BOOKMARK [1][-]{section.9.2}{\376\377\000L\000i\000m\000i\000t\000e\000d\000\040\000F\000l\000u\000c\000t\000u\000a\000t\000i\000o\000n\000\040\000C\000r\000e\000d\000i\000b\000i\000l\000i\000t\000y}{chapter.9}% 162
\BOOKMARK [2][-]{subsection.9.2.1}{\376\377\000F\000u\000l\000l\000\040\000C\000r\000e\000d\000i\000b\000i\000l\000i\000t\000y\000\040\000f\000o\000r\000\040\000C\000l\000a\000i\000m\000\040\000F\000r\000e\000q\000u\000e\000n\000c\000y}{section.9.2}% 163
\BOOKMARK [2][-]{subsection.9.2.2}{\376\377\000F\000u\000l\000l\000\040\000C\000r\000e\000d\000i\000b\000i\000l\000i\000t\000y\000\040\000f\000o\000r\000\040\000A\000g\000g\000r\000e\000g\000a\000t\000e\000\040\000L\000o\000s\000s\000e\000s\000\040\000a\000n\000d\000\040\000P\000u\000r\000e\000\040\000P\000r\000e\000m\000i\000u\000m}{section.9.2}% 164
\BOOKMARK [2][-]{subsection.9.2.3}{\376\377\000F\000u\000l\000l\000\040\000C\000r\000e\000d\000i\000b\000i\000l\000i\000t\000y\000\040\000f\000o\000r\000\040\000S\000e\000v\000e\000r\000i\000t\000y}{section.9.2}% 165
\BOOKMARK [2][-]{subsection.9.2.4}{\376\377\000P\000a\000r\000t\000i\000a\000l\000\040\000C\000r\000e\000d\000i\000b\000i\000l\000i\000t\000y}{section.9.2}% 166
\BOOKMARK [1][-]{section.9.3}{\376\377\000B\000\374\000h\000l\000m\000a\000n\000n\000\040\000C\000r\000e\000d\000i\000b\000i\000l\000i\000t\000y}{chapter.9}% 167
\BOOKMARK [2][-]{subsection.9.3.1}{\376\377\000C\000r\000e\000d\000i\000b\000i\000l\000i\000t\000y\000\040\000Z\000,\000\040\000E\000P\000V\000,\000\040\000a\000n\000d\000\040\000V\000H\000M}{section.9.3}% 168
\BOOKMARK [1][-]{section.9.4}{\376\377\000B\000\374\000h\000l\000m\000a\000n\000n\000-\000S\000t\000r\000a\000u\000b\000\040\000C\000r\000e\000d\000i\000b\000i\000l\000i\000t\000y}{chapter.9}% 169
\BOOKMARK [1][-]{section.9.5}{\376\377\000B\000a\000y\000e\000s\000i\000a\000n\000\040\000I\000n\000f\000e\000r\000e\000n\000c\000e\000\040\000a\000n\000d\000\040\000B\000\374\000h\000l\000m\000a\000n\000n\000\040\000C\000r\000e\000d\000i\000b\000i\000l\000i\000t\000y}{chapter.9}% 170
\BOOKMARK [2][-]{subsection.9.5.1}{\376\377\000G\000a\000m\000m\000a\000-\000P\000o\000i\000s\000s\000o\000n\000\040\000M\000o\000d\000e\000l}{section.9.5}% 171
\BOOKMARK [2][-]{subsection.9.5.2}{\376\377\000B\000e\000t\000a\000-\000B\000i\000n\000o\000m\000i\000a\000l\000\040\000M\000o\000d\000e\000l}{section.9.5}% 172
\BOOKMARK [2][-]{subsection.9.5.3}{\376\377\000E\000x\000a\000c\000t\000\040\000C\000r\000e\000d\000i\000b\000i\000l\000i\000t\000y}{section.9.5}% 173
\BOOKMARK [1][-]{section.9.6}{\376\377\000E\000s\000t\000i\000m\000a\000t\000i\000n\000g\000\040\000C\000r\000e\000d\000i\000b\000i\000l\000i\000t\000y\000\040\000P\000a\000r\000a\000m\000e\000t\000e\000r\000s}{chapter.9}% 174
\BOOKMARK [2][-]{subsection.9.6.1}{\376\377\000F\000u\000l\000l\000\040\000C\000r\000e\000d\000i\000b\000i\000l\000i\000t\000y\000\040\000S\000t\000a\000n\000d\000a\000r\000d\000\040\000f\000o\000r\000\040\000L\000i\000m\000i\000t\000e\000d\000\040\000F\000l\000u\000c\000t\000u\000a\000t\000i\000o\000n\000\040\000C\000r\000e\000d\000i\000b\000i\000l\000i\000t\000y}{section.9.6}% 175
\BOOKMARK [2][-]{subsection.9.6.2}{\376\377\000N\000o\000n\000p\000a\000r\000a\000m\000e\000t\000r\000i\000c\000\040\000E\000s\000t\000i\000m\000a\000t\000i\000o\000n\000\040\000f\000o\000r\000\040\000B\000\374\000h\000l\000m\000a\000n\000n\000\040\000a\000n\000d\000\040\000B\000\374\000h\000l\000m\000a\000n\000n\000-\000S\000t\000r\000a\000u\000b\000\040\000M\000o\000d\000e\000l\000s}{section.9.6}% 176
\BOOKMARK [2][-]{subsection.9.6.3}{\376\377\000S\000e\000m\000i\000p\000a\000r\000a\000m\000e\000t\000r\000i\000c\000\040\000E\000s\000t\000i\000m\000a\000t\000i\000o\000n\000\040\000f\000o\000r\000\040\000B\000\374\000h\000l\000m\000a\000n\000n\000\040\000a\000n\000d\000\040\000B\000\374\000h\000l\000m\000a\000n\000n\000-\000S\000t\000r\000a\000u\000b\000\040\000M\000o\000d\000e\000l\000s}{section.9.6}% 177
\BOOKMARK [2][-]{subsection.9.6.4}{\376\377\000B\000a\000l\000a\000n\000c\000i\000n\000g\000\040\000C\000r\000e\000d\000i\000b\000i\000l\000i\000t\000y\000\040\000E\000s\000t\000i\000m\000a\000t\000o\000r\000s}{section.9.6}% 178
\BOOKMARK [1][-]{section.9.7}{\376\377\000F\000u\000r\000t\000h\000e\000r\000\040\000R\000e\000s\000o\000u\000r\000c\000e\000s\000\040\000a\000n\000d\000\040\000C\000o\000n\000t\000r\000i\000b\000u\000t\000o\000r\000s}{chapter.9}% 179
\BOOKMARK [0][-]{chapter.10}{\376\377\000I\000n\000s\000u\000r\000a\000n\000c\000e\000\040\000P\000o\000r\000t\000f\000o\000l\000i\000o\000\040\000M\000a\000n\000a\000g\000e\000m\000e\000n\000t\000\040\000i\000n\000c\000l\000u\000d\000i\000n\000g\000\040\000R\000e\000i\000n\000s\000u\000r\000a\000n\000c\000e}{}% 180
\BOOKMARK [1][-]{section.10.1}{\376\377\000I\000n\000t\000r\000o\000d\000u\000c\000t\000i\000o\000n\000\040\000t\000o\000\040\000I\000n\000s\000u\000r\000a\000n\000c\000e\000\040\000P\000o\000r\000t\000f\000o\000l\000i\000o\000s}{chapter.10}% 181
\BOOKMARK [1][-]{section.10.2}{\376\377\000T\000a\000i\000l\000s\000\040\000o\000f\000\040\000D\000i\000s\000t\000r\000i\000b\000u\000t\000i\000o\000n\000s}{chapter.10}% 182
\BOOKMARK [2][-]{subsection.10.2.1}{\376\377\000C\000l\000a\000s\000s\000i\000f\000i\000c\000a\000t\000i\000o\000n\000\040\000B\000a\000s\000e\000d\000\040\000o\000n\000\040\000M\000o\000m\000e\000n\000t\000s}{section.10.2}% 183
\BOOKMARK [2][-]{subsection.10.2.2}{\376\377\000C\000o\000m\000p\000a\000r\000i\000s\000o\000n\000\040\000B\000a\000s\000e\000d\000\040\000o\000n\000\040\000L\000i\000m\000i\000t\000i\000n\000g\000\040\000T\000a\000i\000l\000\040\000B\000e\000h\000a\000v\000i\000o\000r}{section.10.2}% 184
\BOOKMARK [1][-]{section.10.3}{\376\377\000R\000i\000s\000k\000\040\000M\000e\000a\000s\000u\000r\000e\000s}{chapter.10}% 185
\BOOKMARK [2][-]{subsection.10.3.1}{\376\377\000C\000o\000h\000e\000r\000e\000n\000t\000\040\000R\000i\000s\000k\000\040\000M\000e\000a\000s\000u\000r\000e\000s}{section.10.3}% 186
\BOOKMARK [2][-]{subsection.10.3.2}{\376\377\000V\000a\000l\000u\000e\000-\000a\000t\000-\000R\000i\000s\000k}{section.10.3}% 187
\BOOKMARK [2][-]{subsection.10.3.3}{\376\377\000T\000a\000i\000l\000\040\000V\000a\000l\000u\000e\000-\000a\000t\000-\000R\000i\000s\000k}{section.10.3}% 188
\BOOKMARK [1][-]{section.10.4}{\376\377\000R\000e\000i\000n\000s\000u\000r\000a\000n\000c\000e}{chapter.10}% 189
\BOOKMARK [2][-]{subsection.10.4.1}{\376\377\000P\000r\000o\000p\000o\000r\000t\000i\000o\000n\000a\000l\000\040\000R\000e\000i\000n\000s\000u\000r\000a\000n\000c\000e}{section.10.4}% 190
\BOOKMARK [2][-]{subsection.10.4.2}{\376\377\000N\000o\000n\000-\000P\000r\000o\000p\000o\000r\000t\000i\000o\000n\000a\000l\000\040\000R\000e\000i\000n\000s\000u\000r\000a\000n\000c\000e}{section.10.4}% 191
\BOOKMARK [2][-]{subsection.10.4.3}{\376\377\000A\000d\000d\000i\000t\000i\000o\000n\000a\000l\000\040\000R\000e\000i\000n\000s\000u\000r\000a\000n\000c\000e\000\040\000T\000r\000e\000a\000t\000i\000e\000s}{section.10.4}% 192
\BOOKMARK [1][-]{section.10.5}{\376\377\000F\000u\000r\000t\000h\000e\000r\000\040\000R\000e\000s\000o\000u\000r\000c\000e\000s\000\040\000a\000n\000d\000\040\000C\000o\000n\000t\000r\000i\000b\000u\000t\000o\000r\000s}{chapter.10}% 193
\BOOKMARK [0][-]{chapter.11}{\376\377\000L\000o\000s\000s\000\040\000R\000e\000s\000e\000r\000v\000i\000n\000g}{}% 194
\BOOKMARK [0][-]{chapter.12}{\376\377\000E\000x\000p\000e\000r\000i\000e\000n\000c\000e\000\040\000R\000a\000t\000i\000n\000g\000\040\000u\000s\000i\000n\000g\000\040\000B\000o\000n\000u\000s\000-\000M\000a\000l\000u\000s}{}% 195
\BOOKMARK [0][-]{chapter.13}{\376\377\000D\000a\000t\000a\000\040\000a\000n\000d\000\040\000S\000y\000s\000t\000e\000m\000s}{}% 196
\BOOKMARK [1][-]{section.13.1}{\376\377\000D\000a\000t\000a}{chapter.13}% 197
\BOOKMARK [2][-]{subsection.13.1.1}{\376\377\000D\000a\000t\000a\000\040\000T\000y\000p\000e\000s\000\040\000a\000n\000d\000\040\000S\000o\000u\000r\000c\000e\000s}{section.13.1}% 198
\BOOKMARK [2][-]{subsection.13.1.2}{\376\377\000D\000a\000t\000a\000\040\000S\000t\000r\000u\000c\000t\000u\000r\000e\000s\000\040\000a\000n\000d\000\040\000S\000t\000o\000r\000a\000g\000e}{section.13.1}% 199
\BOOKMARK [2][-]{subsection.13.1.3}{\376\377\000D\000a\000t\000a\000\040\000Q\000u\000a\000l\000i\000t\000y}{section.13.1}% 200
\BOOKMARK [2][-]{subsection.13.1.4}{\376\377\000D\000a\000t\000a\000\040\000C\000l\000e\000a\000n\000i\000n\000g}{section.13.1}% 201
\BOOKMARK [1][-]{section.13.2}{\376\377\000D\000a\000t\000a\000\040\000A\000n\000a\000l\000y\000s\000i\000s\000\040\000P\000r\000e\000l\000i\000m\000i\000n\000a\000r\000i\000e\000s}{chapter.13}% 202
\BOOKMARK [2][-]{subsection.13.2.1}{\376\377\000D\000a\000t\000a\000\040\000A\000n\000a\000l\000y\000s\000i\000s\000\040\000P\000r\000o\000c\000e\000s\000s}{section.13.2}% 203
\BOOKMARK [2][-]{subsection.13.2.2}{\376\377\000E\000x\000p\000l\000o\000r\000a\000t\000o\000r\000y\000\040\000v\000e\000r\000s\000u\000s\000\040\000C\000o\000n\000f\000i\000r\000m\000a\000t\000o\000r\000y}{section.13.2}% 204
\BOOKMARK [2][-]{subsection.13.2.3}{\376\377\000S\000u\000p\000e\000r\000v\000i\000s\000e\000d\000\040\000v\000e\000r\000s\000u\000s\000\040\000U\000n\000s\000u\000p\000e\000r\000v\000i\000s\000e\000d}{section.13.2}% 205
\BOOKMARK [2][-]{subsection.13.2.4}{\376\377\000P\000a\000r\000a\000m\000e\000t\000r\000i\000c\000\040\000v\000e\000r\000s\000u\000s\000\040\000N\000o\000n\000p\000a\000r\000a\000m\000e\000t\000r\000i\000c}{section.13.2}% 206
\BOOKMARK [2][-]{subsection.13.2.5}{\376\377\000E\000x\000p\000l\000a\000n\000a\000t\000i\000o\000n\000\040\000v\000e\000r\000s\000u\000s\000\040\000P\000r\000e\000d\000i\000c\000t\000i\000o\000n}{section.13.2}% 207
\BOOKMARK [2][-]{subsection.13.2.6}{\376\377\000D\000a\000t\000a\000\040\000M\000o\000d\000e\000l\000i\000n\000g\000\040\000v\000e\000r\000s\000u\000s\000\040\000A\000l\000g\000o\000r\000i\000t\000h\000m\000i\000c\000\040\000M\000o\000d\000e\000l\000i\000n\000g}{section.13.2}% 208
\BOOKMARK [2][-]{subsection.13.2.7}{\376\377\000B\000i\000g\000\040\000D\000a\000t\000a\000\040\000A\000n\000a\000l\000y\000s\000i\000s}{section.13.2}% 209
\BOOKMARK [2][-]{subsection.13.2.8}{\376\377\000R\000e\000p\000r\000o\000d\000u\000c\000i\000b\000l\000e\000\040\000A\000n\000a\000l\000y\000s\000i\000s}{section.13.2}% 210
\BOOKMARK [2][-]{subsection.13.2.9}{\376\377\000E\000t\000h\000i\000c\000a\000l\000\040\000I\000s\000s\000u\000e\000s}{section.13.2}% 211
\BOOKMARK [1][-]{section.13.3}{\376\377\000D\000a\000t\000a\000\040\000A\000n\000a\000l\000y\000s\000i\000s\000\040\000T\000e\000c\000h\000n\000i\000q\000u\000e\000s}{chapter.13}% 212
\BOOKMARK [2][-]{subsection.13.3.1}{\376\377\000E\000x\000p\000l\000o\000r\000a\000t\000o\000r\000y\000\040\000T\000e\000c\000h\000n\000i\000q\000u\000e\000s}{section.13.3}% 213
\BOOKMARK [2][-]{subsection.13.3.2}{\376\377\000C\000o\000n\000f\000i\000r\000m\000a\000t\000o\000r\000y\000\040\000T\000e\000c\000h\000n\000i\000q\000u\000e\000s}{section.13.3}% 214
\BOOKMARK [1][-]{section.13.4}{\376\377\000S\000o\000m\000e\000\040\000R\000\040\000F\000u\000n\000c\000t\000i\000o\000n\000s}{chapter.13}% 215
\BOOKMARK [1][-]{section.13.5}{\376\377\000S\000u\000m\000m\000a\000r\000y}{chapter.13}% 216
\BOOKMARK [1][-]{section.13.6}{\376\377\000F\000u\000r\000t\000h\000e\000r\000\040\000R\000e\000s\000o\000u\000r\000c\000e\000s\000\040\000a\000n\000d\000\040\000C\000o\000n\000t\000r\000i\000b\000u\000t\000o\000r\000s}{chapter.13}% 217
\BOOKMARK [0][-]{chapter.14}{\376\377\000D\000e\000p\000e\000n\000d\000e\000n\000c\000e\000\040\000M\000o\000d\000e\000l\000i\000n\000g}{}% 218
\BOOKMARK [1][-]{section.14.1}{\376\377\000V\000a\000r\000i\000a\000b\000l\000e\000\040\000T\000y\000p\000e\000s}{chapter.14}% 219
\BOOKMARK [2][-]{subsection.14.1.1}{\376\377\000Q\000u\000a\000l\000i\000t\000a\000t\000i\000v\000e\000\040\000V\000a\000r\000i\000a\000b\000l\000e\000s}{section.14.1}% 220
\BOOKMARK [2][-]{subsection.14.1.2}{\376\377\000Q\000u\000a\000n\000t\000i\000t\000a\000t\000i\000v\000e\000\040\000V\000a\000r\000i\000a\000b\000l\000e\000s}{section.14.1}% 221
\BOOKMARK [2][-]{subsection.14.1.3}{\376\377\000M\000u\000l\000t\000i\000v\000a\000r\000i\000a\000t\000e\000\040\000V\000a\000r\000i\000a\000b\000l\000e\000s}{section.14.1}% 222
\BOOKMARK [1][-]{section.14.2}{\376\377\000C\000l\000a\000s\000s\000i\000c\000\040\000M\000e\000a\000s\000u\000r\000e\000s\000\040\000o\000f\000\040\000S\000c\000a\000l\000a\000r\000\040\000A\000s\000s\000o\000c\000i\000a\000t\000i\000o\000n\000s}{chapter.14}% 223
\BOOKMARK [2][-]{subsection.14.2.1}{\376\377\000A\000s\000s\000o\000c\000i\000a\000t\000i\000o\000n\000\040\000M\000e\000a\000s\000u\000r\000e\000s\000\040\000f\000o\000r\000\040\000Q\000u\000a\000n\000t\000i\000t\000a\000t\000i\000v\000e\000\040\000V\000a\000r\000i\000a\000b\000l\000e\000s}{section.14.2}% 224
\BOOKMARK [2][-]{subsection.14.2.2}{\376\377\000R\000a\000n\000k\000\040\000B\000a\000s\000e\000d\000\040\000M\000e\000a\000s\000u\000r\000e\000s}{section.14.2}% 225
\BOOKMARK [2][-]{subsection.14.2.3}{\376\377\000N\000o\000m\000i\000n\000a\000l\000\040\000V\000a\000r\000i\000a\000b\000l\000e\000s}{section.14.2}% 226
\BOOKMARK [1][-]{section.14.3}{\376\377\000I\000n\000t\000r\000o\000d\000u\000c\000t\000i\000o\000n\000\040\000t\000o\000\040\000C\000o\000p\000u\000l\000a\000s}{chapter.14}% 227
\BOOKMARK [1][-]{section.14.4}{\376\377\000A\000p\000p\000l\000i\000c\000a\000t\000i\000o\000n\000\040\000U\000s\000i\000n\000g\000\040\000C\000o\000p\000u\000l\000a\000s}{chapter.14}% 228
\BOOKMARK [2][-]{subsection.14.4.1}{\376\377\000D\000a\000t\000a\000\040\000D\000e\000s\000c\000r\000i\000p\000t\000i\000o\000n}{section.14.4}% 229
\BOOKMARK [2][-]{subsection.14.4.2}{\376\377\000M\000a\000r\000g\000i\000n\000a\000l\000\040\000M\000o\000d\000e\000l\000s}{section.14.4}% 230
\BOOKMARK [2][-]{subsection.14.4.3}{\376\377\000P\000r\000o\000b\000a\000b\000i\000l\000i\000t\000y\000\040\000I\000n\000t\000e\000g\000r\000a\000l\000\040\000T\000r\000a\000n\000s\000f\000o\000r\000m\000a\000t\000i\000o\000n}{section.14.4}% 231
\BOOKMARK [2][-]{subsection.14.4.4}{\376\377\000J\000o\000i\000n\000t\000\040\000M\000o\000d\000e\000l\000i\000n\000g\000\040\000w\000i\000t\000h\000\040\000C\000o\000p\000u\000l\000a\000\040\000F\000u\000n\000c\000t\000i\000o\000n}{section.14.4}% 232
\BOOKMARK [1][-]{section.14.5}{\376\377\000T\000y\000p\000e\000s\000\040\000o\000f\000\040\000C\000o\000p\000u\000l\000a\000s}{chapter.14}% 233
\BOOKMARK [2][-]{subsection.14.5.1}{\376\377\000E\000l\000l\000i\000p\000t\000i\000c\000a\000l\000\040\000C\000o\000p\000u\000l\000a\000s}{section.14.5}% 234
\BOOKMARK [2][-]{subsection.14.5.2}{\376\377\000A\000r\000c\000h\000i\000m\000e\000d\000i\000a\000n\000\040\000C\000o\000p\000u\000l\000a\000s}{section.14.5}% 235
\BOOKMARK [2][-]{subsection.14.5.3}{\376\377\000P\000r\000o\000p\000e\000r\000t\000i\000e\000s\000\040\000o\000f\000\040\000C\000o\000p\000u\000l\000a\000s}{section.14.5}% 236
\BOOKMARK [1][-]{section.14.6}{\376\377\000W\000h\000y\000\040\000i\000s\000\040\000D\000e\000p\000e\000n\000d\000e\000n\000c\000e\000\040\000M\000o\000d\000e\000l\000i\000n\000g\000\040\000I\000m\000p\000o\000r\000t\000a\000n\000t\000?}{chapter.14}% 237
\BOOKMARK [1][-]{section.14.7}{\376\377\000F\000u\000r\000t\000h\000e\000r\000\040\000R\000e\000s\000o\000u\000r\000c\000e\000s\000\040\000a\000n\000d\000\040\000C\000o\000n\000t\000r\000i\000b\000u\000t\000o\000r\000s}{chapter.14}% 238
\BOOKMARK [2][-]{section*.122}{\376\377\000T\000S\000\040\0001\0004\000.\000A\000.\000\040\000O\000t\000h\000e\000r\000\040\000C\000l\000a\000s\000s\000i\000c\000\040\000M\000e\000a\000s\000u\000r\000e\000s\000\040\000o\000f\000\040\000S\000c\000a\000l\000a\000r\000\040\000A\000s\000s\000o\000c\000i\000a\000t\000i\000o\000n\000s}{section.14.7}% 239
\BOOKMARK [0][-]{chapter.15}{\376\377\000A\000p\000p\000e\000n\000d\000i\000x\000\040\000A\000:\000\040\000R\000e\000v\000i\000e\000w\000\040\000o\000f\000\040\000S\000t\000a\000t\000i\000s\000t\000i\000c\000a\000l\000\040\000I\000n\000f\000e\000r\000e\000n\000c\000e}{}% 240
\BOOKMARK [1][-]{section.15.1}{\376\377\000B\000a\000s\000i\000c\000\040\000C\000o\000n\000c\000e\000p\000t\000s}{chapter.15}% 241
\BOOKMARK [2][-]{subsection.15.1.1}{\376\377\000R\000a\000n\000d\000o\000m\000\040\000S\000a\000m\000p\000l\000i\000n\000g}{section.15.1}% 242
\BOOKMARK [2][-]{subsection.15.1.2}{\376\377\000S\000a\000m\000p\000l\000i\000n\000g\000\040\000D\000i\000s\000t\000r\000i\000b\000u\000t\000i\000o\000n}{section.15.1}% 243
\BOOKMARK [2][-]{subsection.15.1.3}{\376\377\000C\000e\000n\000t\000r\000a\000l\000\040\000L\000i\000m\000i\000t\000\040\000T\000h\000e\000o\000r\000e\000m}{section.15.1}% 244
\BOOKMARK [1][-]{section.15.2}{\376\377\000P\000o\000i\000n\000t\000\040\000E\000s\000t\000i\000m\000a\000t\000i\000o\000n\000\040\000a\000n\000d\000\040\000P\000r\000o\000p\000e\000r\000t\000i\000e\000s}{chapter.15}% 245
\BOOKMARK [2][-]{subsection.15.2.1}{\376\377\000M\000e\000t\000h\000o\000d\000\040\000o\000f\000\040\000M\000o\000m\000e\000n\000t\000s\000\040\000E\000s\000t\000i\000m\000a\000t\000i\000o\000n}{section.15.2}% 246
\BOOKMARK [2][-]{subsection.15.2.2}{\376\377\000M\000a\000x\000i\000m\000u\000m\000\040\000L\000i\000k\000e\000l\000i\000h\000o\000o\000d\000\040\000E\000s\000t\000i\000m\000a\000t\000i\000o\000n}{section.15.2}% 247
\BOOKMARK [1][-]{section.15.3}{\376\377\000I\000n\000t\000e\000r\000v\000a\000l\000\040\000E\000s\000t\000i\000m\000a\000t\000i\000o\000n}{chapter.15}% 248
\BOOKMARK [2][-]{subsection.15.3.1}{\376\377\000E\000x\000a\000c\000t\000\040\000D\000i\000s\000t\000r\000i\000b\000u\000t\000i\000o\000n\000\040\000f\000o\000r\000\040\000N\000o\000r\000m\000a\000l\000\040\000S\000a\000m\000p\000l\000e\000\040\000M\000e\000a\000n}{section.15.3}% 249
\BOOKMARK [2][-]{subsection.15.3.2}{\376\377\000L\000a\000r\000g\000e\000-\000s\000a\000m\000p\000l\000e\000\040\000P\000r\000o\000p\000e\000r\000t\000i\000e\000s\000\040\000o\000f\000\040\000M\000L\000E}{section.15.3}% 250
\BOOKMARK [2][-]{subsection.15.3.3}{\376\377\000C\000o\000n\000f\000i\000d\000e\000n\000c\000e\000\040\000I\000n\000t\000e\000r\000v\000a\000l}{section.15.3}% 251
\BOOKMARK [1][-]{section.15.4}{\376\377\000H\000y\000p\000o\000t\000h\000e\000s\000i\000s\000\040\000T\000e\000s\000t\000i\000n\000g}{chapter.15}% 252
\BOOKMARK [2][-]{subsection.15.4.1}{\376\377\000B\000a\000s\000i\000c\000\040\000C\000o\000n\000c\000e\000p\000t\000s}{section.15.4}% 253
\BOOKMARK [2][-]{subsection.15.4.2}{\376\377\000S\000t\000u\000d\000e\000n\000t\000-\000t\000\040\000t\000e\000s\000t\000\040\000b\000a\000s\000e\000d\000\040\000o\000n\000\040\000M\000L\000E}{section.15.4}% 254
\BOOKMARK [2][-]{subsection.15.4.3}{\376\377\000L\000i\000k\000e\000l\000i\000h\000o\000o\000d\000\040\000R\000a\000t\000i\000o\000\040\000T\000e\000s\000t}{section.15.4}% 255
\BOOKMARK [2][-]{subsection.15.4.4}{\376\377\000I\000n\000f\000o\000r\000m\000a\000t\000i\000o\000n\000\040\000C\000r\000i\000t\000e\000r\000i\000a}{section.15.4}% 256
\BOOKMARK [0][-]{chapter.16}{\376\377\000A\000p\000p\000e\000n\000d\000i\000x\000\040\000B\000:\000\040\000I\000t\000e\000r\000a\000t\000e\000d\000\040\000E\000x\000p\000e\000c\000t\000a\000t\000i\000o\000n\000s}{}% 257
\BOOKMARK [1][-]{section.16.1}{\376\377\000C\000o\000n\000d\000i\000t\000i\000o\000n\000a\000l\000\040\000D\000i\000s\000t\000r\000i\000b\000u\000t\000i\000o\000n\000\040\000a\000n\000d\000\040\000C\000o\000n\000d\000i\000t\000i\000o\000n\000a\000l\000\040\000E\000x\000p\000e\000c\000t\000a\000t\000i\000o\000n}{chapter.16}% 258
\BOOKMARK [2][-]{subsection.16.1.1}{\376\377\000C\000o\000n\000d\000i\000t\000i\000o\000n\000a\000l\000\040\000D\000i\000s\000t\000r\000i\000b\000u\000t\000i\000o\000n}{section.16.1}% 259
\BOOKMARK [2][-]{subsection.16.1.2}{\376\377\000C\000o\000n\000d\000i\000t\000i\000o\000n\000a\000l\000\040\000E\000x\000p\000e\000c\000t\000a\000t\000i\000o\000n\000\040\000a\000n\000d\000\040\000C\000o\000n\000d\000i\000t\000i\000o\000n\000a\000l\000\040\000V\000a\000r\000i\000a\000n\000c\000e}{section.16.1}% 260
\BOOKMARK [1][-]{section.16.2}{\376\377\000I\000t\000e\000r\000a\000t\000e\000d\000\040\000E\000x\000p\000e\000c\000t\000a\000t\000i\000o\000n\000s\000\040\000a\000n\000d\000\040\000T\000o\000t\000a\000l\000\040\000V\000a\000r\000i\000a\000n\000c\000e}{chapter.16}% 261
\BOOKMARK [2][-]{subsection.16.2.1}{\376\377\000L\000a\000w\000\040\000o\000f\000\040\000I\000t\000e\000r\000a\000t\000e\000d\000\040\000E\000x\000p\000e\000c\000t\000a\000t\000i\000o\000n\000s}{section.16.2}% 262
\BOOKMARK [2][-]{subsection.16.2.2}{\376\377\000L\000a\000w\000\040\000o\000f\000\040\000T\000o\000t\000a\000l\000\040\000V\000a\000r\000i\000a\000n\000c\000e}{section.16.2}% 263
\BOOKMARK [2][-]{subsection.16.2.3}{\376\377\000A\000p\000p\000l\000i\000c\000a\000t\000i\000o\000n}{section.16.2}% 264
\BOOKMARK [1][-]{section.16.3}{\376\377\000C\000o\000n\000j\000u\000g\000a\000t\000e\000\040\000D\000i\000s\000t\000r\000i\000b\000u\000t\000i\000o\000n\000s}{chapter.16}% 265
\BOOKMARK [2][-]{subsection.16.3.1}{\376\377\000L\000i\000n\000e\000a\000r\000\040\000E\000x\000p\000o\000n\000e\000n\000t\000i\000a\000l\000\040\000F\000a\000m\000i\000l\000y}{section.16.3}% 266
\BOOKMARK [2][-]{subsection.16.3.2}{\376\377\000C\000o\000n\000j\000u\000g\000a\000t\000e\000\040\000D\000i\000s\000t\000r\000i\000b\000u\000t\000i\000o\000n\000s}{section.16.3}% 267
\BOOKMARK [0][-]{chapter.17}{\376\377\000A\000p\000p\000e\000n\000d\000i\000x\000\040\000C\000:\000\040\000M\000a\000x\000i\000m\000u\000m\000\040\000L\000i\000k\000e\000l\000i\000h\000o\000o\000d\000\040\000T\000h\000e\000o\000r\000y}{}% 268
\BOOKMARK [1][-]{section.17.1}{\376\377\000L\000i\000k\000e\000l\000i\000h\000o\000o\000d\000\040\000F\000u\000n\000c\000t\000i\000o\000n}{chapter.17}% 269
\BOOKMARK [2][-]{subsection.17.1.1}{\376\377\000L\000i\000k\000e\000l\000i\000h\000o\000o\000d\000\040\000a\000n\000d\000\040\000L\000o\000g\000-\000l\000i\000k\000e\000l\000i\000h\000o\000o\000d\000\040\000F\000u\000n\000c\000t\000i\000o\000n\000s}{section.17.1}% 270
\BOOKMARK [2][-]{subsection.17.1.2}{\376\377\000P\000r\000o\000p\000e\000r\000t\000i\000e\000s\000\040\000o\000f\000\040\000L\000i\000k\000e\000l\000i\000h\000o\000o\000d\000\040\000F\000u\000n\000c\000t\000i\000o\000n\000s}{section.17.1}% 271
\BOOKMARK [1][-]{section.17.2}{\376\377\000M\000a\000x\000i\000m\000u\000m\000\040\000L\000i\000k\000e\000l\000i\000h\000o\000o\000d\000\040\000E\000s\000t\000i\000m\000a\000t\000o\000r\000s}{chapter.17}% 272
\BOOKMARK [2][-]{subsection.17.2.1}{\376\377\000D\000e\000f\000i\000n\000i\000t\000i\000o\000n\000\040\000a\000n\000d\000\040\000D\000e\000r\000i\000v\000a\000t\000i\000o\000n\000\040\000o\000f\000\040\000M\000L\000E}{section.17.2}% 273
\BOOKMARK [2][-]{subsection.17.2.2}{\376\377\000A\000s\000y\000m\000p\000t\000o\000t\000i\000c\000\040\000P\000r\000o\000p\000e\000r\000t\000i\000e\000s\000\040\000o\000f\000\040\000M\000L\000E}{section.17.2}% 274
\BOOKMARK [2][-]{subsection.17.2.3}{\376\377\000U\000s\000e\000\040\000o\000f\000\040\000M\000a\000x\000i\000m\000u\000m\000\040\000L\000i\000k\000e\000l\000i\000h\000o\000o\000d\000\040\000E\000s\000t\000i\000m\000a\000t\000i\000o\000n}{section.17.2}% 275
\BOOKMARK [1][-]{section.17.3}{\376\377\000S\000t\000a\000t\000i\000s\000t\000i\000c\000a\000l\000\040\000I\000n\000f\000e\000r\000e\000n\000c\000e\000\040\000B\000a\000s\000e\000d\000\040\000o\000n\000\040\000M\000a\000x\000i\000m\000u\000m\000\040\000L\000i\000k\000e\000l\000h\000o\000o\000d\000\040\000E\000s\000t\000i\000m\000a\000t\000i\000o\000n}{chapter.17}% 276
\BOOKMARK [2][-]{subsection.17.3.1}{\376\377\000H\000y\000p\000o\000t\000h\000e\000s\000i\000s\000\040\000T\000e\000s\000t\000i\000n\000g}{section.17.3}% 277
\BOOKMARK [2][-]{subsection.17.3.2}{\376\377\000M\000L\000E\000\040\000a\000n\000d\000\040\000M\000o\000d\000e\000l\000\040\000V\000a\000l\000i\000d\000a\000t\000i\000o\000n}{section.17.3}% 278
\BOOKMARK [0][-]{chapter.18}{\376\377\000A\000p\000p\000e\000n\000d\000i\000x\000\040\000D\000:\000\040\000S\000u\000m\000m\000a\000r\000y\000\040\000o\000f\000\040\000D\000i\000s\000t\000r\000i\000b\000u\000t\000i\000o\000n\000s}{}% 279
\BOOKMARK [1][-]{section.18.1}{\376\377\000D\000i\000s\000c\000r\000e\000t\000e\000\040\000D\000i\000s\000t\000r\000i\000b\000u\000t\000i\000o\000n\000s}{chapter.18}% 280
\BOOKMARK [2][-]{subsection.18.1.1}{\376\377\000T\000h\000e\000\040\000\050\000a\000,\000b\000,\0000\000\051\000\040\000C\000l\000a\000s\000s}{section.18.1}% 281
\BOOKMARK [2][-]{subsection.18.1.2}{\376\377\000T\000h\000e\000\040\000\050\000a\000,\000b\000,\0001\000\051\000\040\000C\000l\000a\000s\000s}{section.18.1}% 282
\BOOKMARK [1][-]{section.18.2}{\376\377\000C\000o\000n\000t\000i\000n\000u\000o\000u\000s\000\040\000D\000i\000s\000t\000r\000i\000b\000u\000t\000i\000o\000n\000s}{chapter.18}% 283
\BOOKMARK [2][-]{subsection.18.2.1}{\376\377\000O\000n\000e\000\040\000P\000a\000r\000a\000m\000e\000t\000e\000r\000\040\000D\000i\000s\000t\000r\000i\000b\000u\000t\000i\000o\000n\000s}{section.18.2}% 284
\BOOKMARK [2][-]{subsection.18.2.2}{\376\377\000T\000w\000o\000\040\000P\000a\000r\000a\000m\000e\000t\000e\000r\000\040\000D\000i\000s\000t\000r\000i\000b\000u\000t\000i\000o\000n\000s}{section.18.2}% 285
\BOOKMARK [2][-]{subsection.18.2.3}{\376\377\000T\000h\000r\000e\000e\000\040\000P\000a\000r\000a\000m\000e\000t\000e\000r\000\040\000D\000i\000s\000t\000r\000i\000b\000u\000t\000i\000o\000n\000s}{section.18.2}% 286
\BOOKMARK [2][-]{subsection.18.2.4}{\376\377\000F\000o\000u\000r\000\040\000P\000a\000r\000a\000m\000e\000t\000e\000r\000\040\000D\000i\000s\000t\000r\000i\000b\000u\000t\000i\000o\000n}{section.18.2}% 287
\BOOKMARK [2][-]{subsection.18.2.5}{\376\377\000O\000t\000h\000e\000r\000\040\000D\000i\000s\000t\000r\000i\000b\000u\000t\000i\000o\000n\000s}{section.18.2}% 288
\BOOKMARK [2][-]{subsection.18.2.6}{\376\377\000D\000i\000s\000t\000r\000i\000b\000u\000t\000i\000o\000n\000s\000\040\000w\000i\000t\000h\000\040\000F\000i\000n\000i\000t\000e\000\040\000S\000u\000p\000p\000o\000r\000t}{section.18.2}% 289
\BOOKMARK [1][-]{section.18.3}{\376\377\000L\000i\000m\000i\000t\000e\000d\000\040\000E\000x\000p\000e\000c\000t\000e\000d\000\040\000V\000a\000l\000u\000e\000s}{chapter.18}% 290
